{
  "stats": {
    "suites": 1,
    "tests": 1,
    "passes": 1,
    "pending": 0,
    "failures": 0,
    "start": "2023-11-04T19:42:38.927Z",
    "end": "2023-11-04T19:42:43.474Z",
    "duration": 4547,
    "testsRegistered": 1,
    "passPercent": 100,
    "pendingPercent": 0,
    "other": 0,
    "hasOther": false,
    "skipped": 0,
    "hasSkipped": false
  },
  "results": [
    {
      "uuid": "289ee7f5-44c3-488e-bcff-53a471c6f6c9",
      "title": "",
      "fullFile": "cypress\\e2e\\testCases\\Test2.cy.js",
      "file": "cypress\\e2e\\testCases\\Test2.cy.js",
      "beforeHooks": [],
      "afterHooks": [],
      "tests": [],
      "suites": [
        {
          "uuid": "1abc55b4-2a1f-4621-a599-259446de7b82",
          "title": "My Second test suite",
          "fullFile": "",
          "file": "",
          "beforeHooks": [],
          "afterHooks": [],
          "tests": [
            {
              "title": "My Second test case",
              "fullTitle": "My Second test suite My Second test case",
              "timedOut": null,
              "duration": 4491,
              "state": "passed",
              "speed": "fast",
              "pass": true,
              "fail": false,
              "pending": false,
              "context": null,
              "code": "cy.visit(\"https://rahulshettyacademy.com/seleniumPractise/#/\");\ncy.get('.search-keyword').type('ca');\n//parent child chaining\ncy.get('.products').as('productlocator');\ncy.get('@productlocator').find('.product').each(($el, index, $list) => {\n  const vegText = $el.find('h4.product-name').text();\n  if (vegText.includes('Cashews')) {\n    cy.wrap($el).find('button').click();\n  }\n});\ncy.get('.cart-icon > img').click();\ncy.contains('PROCEED TO CHECKOUT').click();\ncy.contains('Place Order').click();",
              "err": {},
              "uuid": "7a07013e-8c5d-4b1c-b4f7-2fe63316fd39",
              "parentUUID": "1abc55b4-2a1f-4621-a599-259446de7b82",
              "isHook": false,
              "skipped": false
            }
          ],
          "suites": [],
          "passes": [
            "7a07013e-8c5d-4b1c-b4f7-2fe63316fd39"
          ],
          "failures": [],
          "pending": [],
          "skipped": [],
          "duration": 4491,
          "root": false,
          "rootEmpty": false,
          "_timeout": 2000
        }
      ],
      "passes": [],
      "failures": [],
      "pending": [],
      "skipped": [],
      "duration": 0,
      "root": true,
      "rootEmpty": true,
      "_timeout": 2000
    }
  ],
  "meta": {
    "mocha": {
      "version": "7.0.1"
    },
    "mochawesome": {
      "options": {
        "quiet": false,
        "reportFilename": "mochawesome",
        "saveHtml": true,
        "saveJson": true,
        "consoleReporter": "spec",
        "useInlineDiffs": false,
        "code": true
      },
      "version": "7.1.3"
    },
    "marge": {
      "options": null,
      "version": "6.2.0"
    }
  }
}